DGJP/build/outputs/logs/manifest-merger-release-report.txt
-- Merging decision tree log ---
manifest
ADDED from paipaixueche\DGJP\AndroidManifest.xml:2:1-285:12
	package
		ADDED from paipaixueche\DGJP\AndroidManifest.xml:3:5-31
	android:versionName
		ADDED from paipaixueche\DGJP\AndroidManifest.xml:5:5-47
		INJECTED from paipaixueche\DGJP\AndroidManifest.xml
		INJECTED from paipaixueche\DGJP\AndroidManifest.xml
	android:versionCode
		ADDED from paipaixueche\DGJP\AndroidManifest.xml:4:5-30
		INJECTED from paipaixueche\DGJP\AndroidManifest.xml
		INJECTED from paipaixueche\DGJP\AndroidManifest.xml
	xmlns:android
		ADDED from paipaixueche\DGJP\AndroidManifest.xml:2:11-69
uses-sdk
ADDED from paipaixueche\DGJP\AndroidManifest.xml:7:5-9:41
MERGED from [com.android.support:multidex:1.0.1] AndroidManifest.xml:18:5-42
MERGED from [paipaixueche:PullToRefresh:unspecified] AndroidManifest.xml:7:5-43
	android:targetSdkVersion
		ADDED from paipaixueche\DGJP\AndroidManifest.xml:9:9-38
	android:minSdkVersion
		ADDED from paipaixueche\DGJP\AndroidManifest.xml:8:9-35
permission#com.session.dgjp.permission.JPUSH_MESSAGE
ADDED from paipaixueche\DGJP\AndroidManifest.xml:11:5-13:47
	android:protectionLevel
		ADDED from paipaixueche\DGJP\AndroidManifest.xml:13:9-44
	android:name
		ADDED from paipaixueche\DGJP\AndroidManifest.xml:12:9-65
uses-permission#com.session.dgjp.permission.JPUSH_MESSAGE
ADDED from paipaixueche\DGJP\AndroidManifest.xml:16:5-81
	android:name
		ADDED from paipaixueche\DGJP\AndroidManifest.xml:16:22-78
uses-permission#android.permission.RECEIVE_USER_PRESENT
ADDED from paipaixueche\DGJP\AndroidManifest.xml:17:5-79
	android:name
		ADDED from paipaixueche\DGJP\AndroidManifest.xml:17:22-76
uses-permission#android.permission.WAKE_LOCK
ADDED from paipaixueche\DGJP\AndroidManifest.xml:18:5-68
	android:name
		ADDED from paipaixueche\DGJP\AndroidManifest.xml:18:22-65
uses-permission#android.permission.READ_PHONE_STATE
ADDED from paipaixueche\DGJP\AndroidManifest.xml:19:5-75
	android:name
		ADDED from paipaixueche\DGJP\AndroidManifest.xml:19:22-72
uses-permission#android.permission.WRITE_EXTERNAL_STORAGE
ADDED from paipaixueche\DGJP\AndroidManifest.xml:20:5-81
	android:name
		ADDED from paipaixueche\DGJP\AndroidManifest.xml:20:22-78
uses-permission#android.permission.READ_EXTERNAL_STORAGE
ADDED from paipaixueche\DGJP\AndroidManifest.xml:21:5-80
	android:name
		ADDED from paipaixueche\DGJP\AndroidManifest.xml:21:22-77
uses-permission#android.permission.WRITE_SETTINGS
ADDED from paipaixueche\DGJP\AndroidManifest.xml:22:5-73
	android:name
		ADDED from paipaixueche\DGJP\AndroidManifest.xml:22:22-70
uses-permission#android.permission.VIBRATE
ADDED from paipaixueche\DGJP\AndroidManifest.xml:23:5-66
	android:name
		ADDED from paipaixueche\DGJP\AndroidManifest.xml:23:22-63
uses-permission#android.permission.MOUNT_UNMOUNT_FILESYSTEMS
ADDED from paipaixueche\DGJP\AndroidManifest.xml:24:5-84
	android:name
		ADDED from paipaixueche\DGJP\AndroidManifest.xml:24:22-81
uses-permission#android.permission.SYSTEM_ALERT_WINDOW
ADDED from paipaixueche\DGJP\AndroidManifest.xml:25:5-78
	android:name
		ADDED from paipaixueche\DGJP\AndroidManifest.xml:25:22-75
uses-permission#android.permission.INTERNET
ADDED from paipaixueche\DGJP\AndroidManifest.xml:27:5-67
	android:name
		ADDED from paipaixueche\DGJP\AndroidManifest.xml:27:22-64
uses-permission#android.permission.ACCESS_WIFI_STATE
ADDED from paipaixueche\DGJP\AndroidManifest.xml:28:5-76
	android:name
		ADDED from paipaixueche\DGJP\AndroidManifest.xml:28:22-73
uses-permission#android.permission.ACCESS_NETWORK_STATE
ADDED from paipaixueche\DGJP\AndroidManifest.xml:29:5-79
	android:name
		ADDED from paipaixueche\DGJP\AndroidManifest.xml:29:22-76
uses-permission#android.permission.CAMERA
ADDED from paipaixueche\DGJP\AndroidManifest.xml:32:5-65
	android:name
		ADDED from paipaixueche\DGJP\AndroidManifest.xml:32:22-62
uses-permission#android.permission.FLASHLIGHT
ADDED from paipaixueche\DGJP\AndroidManifest.xml:33:5-69
	android:name
		ADDED from paipaixueche\DGJP\AndroidManifest.xml:33:22-66
uses-feature#android.hardware.camera
ADDED from paipaixueche\DGJP\AndroidManifest.xml:35:5-60
	android:name
		ADDED from paipaixueche\DGJP\AndroidManifest.xml:35:19-57
uses-feature#android.hardware.camera.autofocus
ADDED from paipaixueche\DGJP\AndroidManifest.xml:36:5-70
	android:name
		ADDED from paipaixueche\DGJP\AndroidManifest.xml:36:19-67
uses-permission#android.permission.CALL_PHONE
ADDED from paipaixueche\DGJP\AndroidManifest.xml:38:5-69
	android:name
		ADDED from paipaixueche\DGJP\AndroidManifest.xml:38:22-66
uses-permission#android.permission.ACCESS_COARSE_LOCATION
ADDED from paipaixueche\DGJP\AndroidManifest.xml:41:5-81
	android:name
		ADDED from paipaixueche\DGJP\AndroidManifest.xml:41:22-78
uses-permission#android.permission.ACCESS_FINE_LOCATION
ADDED from paipaixueche\DGJP\AndroidManifest.xml:42:5-79
	android:name
		ADDED from paipaixueche\DGJP\AndroidManifest.xml:42:22-76
uses-permission#android.permission.CHANGE_WIFI_STATE
ADDED from paipaixueche\DGJP\AndroidManifest.xml:43:5-76
	android:name
		ADDED from paipaixueche\DGJP\AndroidManifest.xml:43:22-73
uses-permission#android.permission.ACCESS_LOCATION_EXTRA_COMMANDS
ADDED from paipaixueche\DGJP\AndroidManifest.xml:44:5-89
	android:name
		ADDED from paipaixueche\DGJP\AndroidManifest.xml:44:22-86
supports-screens
ADDED from paipaixueche\DGJP\AndroidManifest.xml:47:5-51
	android:anyDensity
		ADDED from paipaixueche\DGJP\AndroidManifest.xml:47:23-48
application
ADDED from paipaixueche\DGJP\AndroidManifest.xml:49:5-283:19
MERGED from [paipaixueche:PullToRefresh:unspecified] AndroidManifest.xml:9:5-20
	android:label
		ADDED from paipaixueche\DGJP\AndroidManifest.xml:53:9-41
	android:allowBackup
		ADDED from paipaixueche\DGJP\AndroidManifest.xml:51:9-35
	android:icon
		ADDED from paipaixueche\DGJP\AndroidManifest.xml:52:9-45
	android:theme
		ADDED from paipaixueche\DGJP\AndroidManifest.xml:55:9-40
	android:logo
		ADDED from paipaixueche\DGJP\AndroidManifest.xml:54:9-45
	android:name
		ADDED from paipaixueche\DGJP\AndroidManifest.xml:50:9-36
activity#com.session.dgjp.login.WelcomActivity
ADDED from paipaixueche\DGJP\AndroidManifest.xml:58:9-67:20
	android:screenOrientation
		ADDED from paipaixueche\DGJP\AndroidManifest.xml:60:13-49
	android:theme
		ADDED from paipaixueche\DGJP\AndroidManifest.xml:61:13-54
	android:name
		ADDED from paipaixueche\DGJP\AndroidManifest.xml:59:13-65
intent-filter#android.intent.action.MAIN+android.intent.category.LAUNCHER
ADDED from paipaixueche\DGJP\AndroidManifest.xml:62:13-66:29
action#android.intent.action.MAIN
ADDED from paipaixueche\DGJP\AndroidManifest.xml:63:17-69
	android:name
		ADDED from paipaixueche\DGJP\AndroidManifest.xml:63:25-66
category#android.intent.category.LAUNCHER
ADDED from paipaixueche\DGJP\AndroidManifest.xml:65:17-77
	android:name
		ADDED from paipaixueche\DGJP\AndroidManifest.xml:65:27-74
activity#com.session.dgjp.login.LoginActivity
ADDED from paipaixueche\DGJP\AndroidManifest.xml:69:9-71:52
	android:screenOrientation
		ADDED from paipaixueche\DGJP\AndroidManifest.xml:71:13-49
	android:name
		ADDED from paipaixueche\DGJP\AndroidManifest.xml:70:13-64
activity#com.session.dgjp.login.RegisterActivity
ADDED from paipaixueche\DGJP\AndroidManifest.xml:73:9-75:52
	android:screenOrientation
		ADDED from paipaixueche\DGJP\AndroidManifest.xml:75:13-49
	android:name
		ADDED from paipaixueche\DGJP\AndroidManifest.xml:74:13-67
activity#com.session.dgjp.MainActivity
ADDED from paipaixueche\DGJP\AndroidManifest.xml:77:9-79:52
	android:screenOrientation
		ADDED from paipaixueche\DGJP\AndroidManifest.xml:79:13-49
	android:name
		ADDED from paipaixueche\DGJP\AndroidManifest.xml:78:13-57
activity#com.session.dgjp.HomePagerActivity
ADDED from paipaixueche\DGJP\AndroidManifest.xml:81:9-83:52
	android:screenOrientation
		ADDED from paipaixueche\DGJP\AndroidManifest.xml:83:13-49
	android:name
		ADDED from paipaixueche\DGJP\AndroidManifest.xml:82:13-62
activity#com.session.dgjp.sign.SignActivity
ADDED from paipaixueche\DGJP\AndroidManifest.xml:85:9-88:52
	android:screenOrientation
		ADDED from paipaixueche\DGJP\AndroidManifest.xml:88:13-49
	android:windowSoftInputMode
		ADDED from paipaixueche\DGJP\AndroidManifest.xml:87:13-54
	android:name
		ADDED from paipaixueche\DGJP\AndroidManifest.xml:86:13-62
activity#com.session.dgjp.HomeActivity
ADDED from paipaixueche\DGJP\AndroidManifest.xml:90:9-93:52
	android:screenOrientation
		ADDED from paipaixueche\DGJP\AndroidManifest.xml:93:13-49
	android:launchMode
		ADDED from paipaixueche\DGJP\AndroidManifest.xml:92:13-44
	android:name
		ADDED from paipaixueche\DGJP\AndroidManifest.xml:91:13-57
activity#com.session.dgjp.PersonalCenterActivity
ADDED from paipaixueche\DGJP\AndroidManifest.xml:95:9-97:52
	android:screenOrientation
		ADDED from paipaixueche\DGJP\AndroidManifest.xml:97:13-49
	android:name
		ADDED from paipaixueche\DGJP\AndroidManifest.xml:96:13-67
activity#com.session.dgjp.personal.PersonalCenterActivity
ADDED from paipaixueche\DGJP\AndroidManifest.xml:99:9-101:52
	android:screenOrientation
		ADDED from paipaixueche\DGJP\AndroidManifest.xml:101:13-49
	android:name
		ADDED from paipaixueche\DGJP\AndroidManifest.xml:100:13-76
activity#com.session.dgjp.personal.SetPayPasswordActivity
ADDED from paipaixueche\DGJP\AndroidManifest.xml:103:9-105:52
	android:screenOrientation
		ADDED from paipaixueche\DGJP\AndroidManifest.xml:105:13-49
	android:name
		ADDED from paipaixueche\DGJP\AndroidManifest.xml:104:13-76
activity#com.session.dgjp.personal.ModifyPayPasswordActivity
ADDED from paipaixueche\DGJP\AndroidManifest.xml:107:9-109:52
	android:screenOrientation
		ADDED from paipaixueche\DGJP\AndroidManifest.xml:109:13-49
	android:name
		ADDED from paipaixueche\DGJP\AndroidManifest.xml:108:13-79
activity#com.session.dgjp.personal.ResetPayPasswordActivity
ADDED from paipaixueche\DGJP\AndroidManifest.xml:111:9-113:52
	android:screenOrientation
		ADDED from paipaixueche\DGJP\AndroidManifest.xml:113:13-49
	android:name
		ADDED from paipaixueche\DGJP\AndroidManifest.xml:112:13-78
activity#com.session.dgjp.personal.MyWalletActivity
ADDED from paipaixueche\DGJP\AndroidManifest.xml:115:9-117:52
	android:screenOrientation
		ADDED from paipaixueche\DGJP\AndroidManifest.xml:117:13-49
	android:name
		ADDED from paipaixueche\DGJP\AndroidManifest.xml:116:13-70
activity#com.session.dgjp.personal.MyCouponActivity
ADDED from paipaixueche\DGJP\AndroidManifest.xml:119:9-121:52
	android:screenOrientation
		ADDED from paipaixueche\DGJP\AndroidManifest.xml:121:13-49
	android:name
		ADDED from paipaixueche\DGJP\AndroidManifest.xml:120:13-70
activity#com.session.dgjp.personal.PersonalInfoActivity
ADDED from paipaixueche\DGJP\AndroidManifest.xml:123:9-125:52
	android:screenOrientation
		ADDED from paipaixueche\DGJP\AndroidManifest.xml:125:13-49
	android:name
		ADDED from paipaixueche\DGJP\AndroidManifest.xml:124:13-74
activity#com.session.dgjp.personal.AboutAppActivity
ADDED from paipaixueche\DGJP\AndroidManifest.xml:127:9-129:52
	android:screenOrientation
		ADDED from paipaixueche\DGJP\AndroidManifest.xml:129:13-49
	android:name
		ADDED from paipaixueche\DGJP\AndroidManifest.xml:128:13-70
activity#com.session.dgjp.message.MessageActivity
ADDED from paipaixueche\DGJP\AndroidManifest.xml:131:9-133:52
	android:screenOrientation
		ADDED from paipaixueche\DGJP\AndroidManifest.xml:133:13-49
	android:name
		ADDED from paipaixueche\DGJP\AndroidManifest.xml:132:13-68
activity#com.session.dgjp.training.TrainingEvaluationActivity
ADDED from paipaixueche\DGJP\AndroidManifest.xml:135:9-138:20
	android:screenOrientation
		ADDED from paipaixueche\DGJP\AndroidManifest.xml:137:13-49
	android:name
		ADDED from paipaixueche\DGJP\AndroidManifest.xml:136:13-80
activity#com.session.dgjp.trainer.TrainerListActivity
ADDED from paipaixueche\DGJP\AndroidManifest.xml:140:9-142:52
	android:screenOrientation
		ADDED from paipaixueche\DGJP\AndroidManifest.xml:142:13-49
	android:name
		ADDED from paipaixueche\DGJP\AndroidManifest.xml:141:13-72
activity#com.session.dgjp.trainer.OrderActivity
ADDED from paipaixueche\DGJP\AndroidManifest.xml:144:9-146:52
	android:screenOrientation
		ADDED from paipaixueche\DGJP\AndroidManifest.xml:146:13-49
	android:name
		ADDED from paipaixueche\DGJP\AndroidManifest.xml:145:13-66
activity#com.session.dgjp.order.OrderPaymentActivity
ADDED from paipaixueche\DGJP\AndroidManifest.xml:148:9-150:52
	android:screenOrientation
		ADDED from paipaixueche\DGJP\AndroidManifest.xml:150:13-49
	android:name
		ADDED from paipaixueche\DGJP\AndroidManifest.xml:149:13-71
activity#com.session.dgjp.order.PaidOrderDetailActivity
ADDED from paipaixueche\DGJP\AndroidManifest.xml:152:9-154:52
	android:screenOrientation
		ADDED from paipaixueche\DGJP\AndroidManifest.xml:154:13-49
	android:name
		ADDED from paipaixueche\DGJP\AndroidManifest.xml:153:13-74
activity#com.session.dgjp.order.UnpaidOrderDetailActivity
ADDED from paipaixueche\DGJP\AndroidManifest.xml:156:9-158:52
	android:screenOrientation
		ADDED from paipaixueche\DGJP\AndroidManifest.xml:158:13-49
	android:name
		ADDED from paipaixueche\DGJP\AndroidManifest.xml:157:13-76
activity#com.session.dgjp.ScanQRCodeActivity
ADDED from paipaixueche\DGJP\AndroidManifest.xml:160:9-162:52
	android:screenOrientation
		ADDED from paipaixueche\DGJP\AndroidManifest.xml:162:13-49
	android:name
		ADDED from paipaixueche\DGJP\AndroidManifest.xml:161:13-63
activity#com.session.dgjp.wxapi.WXPayEntryActivity
ADDED from paipaixueche\DGJP\AndroidManifest.xml:164:9-167:46
	android:launchMode
		ADDED from paipaixueche\DGJP\AndroidManifest.xml:167:13-43
	android:exported
		ADDED from paipaixueche\DGJP\AndroidManifest.xml:166:13-36
	android:name
		ADDED from paipaixueche\DGJP\AndroidManifest.xml:165:13-69
activity#com.alipay.sdk.app.H5PayActivity
ADDED from paipaixueche\DGJP\AndroidManifest.xml:169:9-174:20
	android:screenOrientation
		ADDED from paipaixueche\DGJP\AndroidManifest.xml:173:13-47
	android:exported
		ADDED from paipaixueche\DGJP\AndroidManifest.xml:172:13-37
	android:configChanges
		ADDED from paipaixueche\DGJP\AndroidManifest.xml:171:13-74
	android:name
		ADDED from paipaixueche\DGJP\AndroidManifest.xml:170:13-60
activity#com.alipay.sdk.auth.AuthActivity
ADDED from paipaixueche\DGJP\AndroidManifest.xml:175:9-180:20
	android:screenOrientation
		ADDED from paipaixueche\DGJP\AndroidManifest.xml:179:13-47
	android:exported
		ADDED from paipaixueche\DGJP\AndroidManifest.xml:178:13-37
	android:configChanges
		ADDED from paipaixueche\DGJP\AndroidManifest.xml:177:13-74
	android:name
		ADDED from paipaixueche\DGJP\AndroidManifest.xml:176:13-60
activity#cn.jpush.android.ui.PushActivity
ADDED from paipaixueche\DGJP\AndroidManifest.xml:183:9-194:20
	android:exported
		ADDED from paipaixueche\DGJP\AndroidManifest.xml:186:13-37
	android:configChanges
		ADDED from paipaixueche\DGJP\AndroidManifest.xml:185:13-63
	android:theme
		ADDED from paipaixueche\DGJP\AndroidManifest.xml:187:13-60
	android:name
		ADDED from paipaixueche\DGJP\AndroidManifest.xml:184:13-60
intent-filter#android.intent.category.DEFAULT+cn.jpush.android.ui.PushActivity+com.session.dgjp
ADDED from paipaixueche\DGJP\AndroidManifest.xml:188:13-193:29
action#cn.jpush.android.ui.PushActivity
ADDED from paipaixueche\DGJP\AndroidManifest.xml:189:17-75
	android:name
		ADDED from paipaixueche\DGJP\AndroidManifest.xml:189:25-72
category#android.intent.category.DEFAULT
ADDED from paipaixueche\DGJP\AndroidManifest.xml:191:17-76
	android:name
		ADDED from paipaixueche\DGJP\AndroidManifest.xml:191:27-73
category#com.session.dgjp
ADDED from paipaixueche\DGJP\AndroidManifest.xml:192:17-61
	android:name
		ADDED from paipaixueche\DGJP\AndroidManifest.xml:192:27-58
service#cn.jpush.android.service.DownloadService
ADDED from paipaixueche\DGJP\AndroidManifest.xml:196:9-200:19
	android:enabled
		ADDED from paipaixueche\DGJP\AndroidManifest.xml:198:13-35
	android:exported
		ADDED from paipaixueche\DGJP\AndroidManifest.xml:199:13-37
	android:name
		ADDED from paipaixueche\DGJP\AndroidManifest.xml:197:13-68
service#cn.jpush.android.service.PushService
ADDED from paipaixueche\DGJP\AndroidManifest.xml:204:9-214:19
	android:enabled
		ADDED from paipaixueche\DGJP\AndroidManifest.xml:206:13-35
	android:exported
		ADDED from paipaixueche\DGJP\AndroidManifest.xml:207:13-37
	android:name
		ADDED from paipaixueche\DGJP\AndroidManifest.xml:205:13-64
intent-filter#cn.jpush.android.intent.PUSH_TIME+cn.jpush.android.intent.PushService+cn.jpush.android.intent.REGISTER+cn.jpush.android.intent.REPORT
ADDED from paipaixueche\DGJP\AndroidManifest.xml:208:13-213:29
action#cn.jpush.android.intent.REGISTER
ADDED from paipaixueche\DGJP\AndroidManifest.xml:209:17-75
	android:name
		ADDED from paipaixueche\DGJP\AndroidManifest.xml:209:25-72
action#cn.jpush.android.intent.REPORT
ADDED from paipaixueche\DGJP\AndroidManifest.xml:210:17-73
	android:name
		ADDED from paipaixueche\DGJP\AndroidManifest.xml:210:25-70
action#cn.jpush.android.intent.PushService
ADDED from paipaixueche\DGJP\AndroidManifest.xml:211:17-78
	android:name
		ADDED from paipaixueche\DGJP\AndroidManifest.xml:211:25-75
action#cn.jpush.android.intent.PUSH_TIME
ADDED from paipaixueche\DGJP\AndroidManifest.xml:212:17-76
	android:name
		ADDED from paipaixueche\DGJP\AndroidManifest.xml:212:25-73
receiver#cn.jpush.android.service.PushReceiver
ADDED from paipaixueche\DGJP\AndroidManifest.xml:217:9-236:20
	android:enabled
		ADDED from paipaixueche\DGJP\AndroidManifest.xml:219:13-35
	android:exported
		ADDED from paipaixueche\DGJP\AndroidManifest.xml:220:13-37
	android:name
		ADDED from paipaixueche\DGJP\AndroidManifest.xml:218:13-65
intent-filter#cn.jpush.android.intent.NOTIFICATION_RECEIVED_PROXY+com.session.dgjp
ADDED from paipaixueche\DGJP\AndroidManifest.xml:221:13-224:29
	android:priority
		ADDED from paipaixueche\DGJP\AndroidManifest.xml:221:28-51
action#cn.jpush.android.intent.NOTIFICATION_RECEIVED_PROXY
ADDED from paipaixueche\DGJP\AndroidManifest.xml:222:17-94
	android:name
		ADDED from paipaixueche\DGJP\AndroidManifest.xml:222:25-91
intent-filter#android.intent.action.USER_PRESENT+android.net.conn.CONNECTIVITY_CHANGE
ADDED from paipaixueche\DGJP\AndroidManifest.xml:225:13-228:29
action#android.intent.action.USER_PRESENT
ADDED from paipaixueche\DGJP\AndroidManifest.xml:226:17-77
	android:name
		ADDED from paipaixueche\DGJP\AndroidManifest.xml:226:25-74
action#android.net.conn.CONNECTIVITY_CHANGE
ADDED from paipaixueche\DGJP\AndroidManifest.xml:227:17-79
	android:name
		ADDED from paipaixueche\DGJP\AndroidManifest.xml:227:25-76
intent-filter#android.intent.action.PACKAGE_ADDED+android.intent.action.PACKAGE_REMOVED
ADDED from paipaixueche\DGJP\AndroidManifest.xml:230:13-235:29
action#android.intent.action.PACKAGE_ADDED
ADDED from paipaixueche\DGJP\AndroidManifest.xml:231:17-78
	android:name
		ADDED from paipaixueche\DGJP\AndroidManifest.xml:231:25-75
action#android.intent.action.PACKAGE_REMOVED
ADDED from paipaixueche\DGJP\AndroidManifest.xml:232:17-80
	android:name
		ADDED from paipaixueche\DGJP\AndroidManifest.xml:232:25-77
data
ADDED from paipaixueche\DGJP\AndroidManifest.xml:234:17-50
	android:scheme
		ADDED from paipaixueche\DGJP\AndroidManifest.xml:234:23-47
receiver#com.session.dgjp.receiver.JpushReceiver
ADDED from paipaixueche\DGJP\AndroidManifest.xml:239:9-253:20
	android:enabled
		ADDED from paipaixueche\DGJP\AndroidManifest.xml:241:13-35
	android:exported
		ADDED from paipaixueche\DGJP\AndroidManifest.xml:242:13-37
	android:name
		ADDED from paipaixueche\DGJP\AndroidManifest.xml:240:13-51
intent-filter#cn.jpush.android.intent.ACTION_RICHPUSH_CALLBACK+cn.jpush.android.intent.CONNECTION+cn.jpush.android.intent.MESSAGE_RECEIVED+cn.jpush.android.intent.NOTIFICATION_OPENED+cn.jpush.android.intent.NOTIFICATION_RECEIVED+cn.jpush.android.intent.REGISTRATION+cn.jpush.android.intent.UNREGISTRATION+com.session.dgjp
ADDED from paipaixueche\DGJP\AndroidManifest.xml:243:13-252:29
action#cn.jpush.android.intent.REGISTRATION
ADDED from paipaixueche\DGJP\AndroidManifest.xml:244:17-79
	android:name
		ADDED from paipaixueche\DGJP\AndroidManifest.xml:244:25-76
action#cn.jpush.android.intent.UNREGISTRATION
ADDED from paipaixueche\DGJP\AndroidManifest.xml:245:17-81
	android:name
		ADDED from paipaixueche\DGJP\AndroidManifest.xml:245:25-78
action#cn.jpush.android.intent.MESSAGE_RECEIVED
ADDED from paipaixueche\DGJP\AndroidManifest.xml:246:17-83
	android:name
		ADDED from paipaixueche\DGJP\AndroidManifest.xml:246:25-80
action#cn.jpush.android.intent.NOTIFICATION_RECEIVED
ADDED from paipaixueche\DGJP\AndroidManifest.xml:247:17-88
	android:name
		ADDED from paipaixueche\DGJP\AndroidManifest.xml:247:25-85
action#cn.jpush.android.intent.NOTIFICATION_OPENED
ADDED from paipaixueche\DGJP\AndroidManifest.xml:248:17-86
	android:name
		ADDED from paipaixueche\DGJP\AndroidManifest.xml:248:25-83
action#cn.jpush.android.intent.ACTION_RICHPUSH_CALLBACK
ADDED from paipaixueche\DGJP\AndroidManifest.xml:249:17-91
	android:name
		ADDED from paipaixueche\DGJP\AndroidManifest.xml:249:25-88
action#cn.jpush.android.intent.CONNECTION
ADDED from paipaixueche\DGJP\AndroidManifest.xml:250:17-77
	android:name
		ADDED from paipaixueche\DGJP\AndroidManifest.xml:250:25-74
receiver#cn.jpush.android.service.AlarmReceiver
ADDED from paipaixueche\DGJP\AndroidManifest.xml:256:9-258:40
	android:exported
		ADDED from paipaixueche\DGJP\AndroidManifest.xml:258:13-37
	android:name
		ADDED from paipaixueche\DGJP\AndroidManifest.xml:257:13-66
meta-data#JPUSH_CHANNEL
ADDED from paipaixueche\DGJP\AndroidManifest.xml:261:9-263:40
	android:value
		ADDED from paipaixueche\DGJP\AndroidManifest.xml:263:13-37
	android:name
		ADDED from paipaixueche\DGJP\AndroidManifest.xml:262:13-41
meta-data#JPUSH_APPKEY
ADDED from paipaixueche\DGJP\AndroidManifest.xml:264:9-266:56
	android:value
		ADDED from paipaixueche\DGJP\AndroidManifest.xml:266:13-53
	android:name
		ADDED from paipaixueche\DGJP\AndroidManifest.xml:265:13-40
service#com.amap.api.location.APSService
ADDED from paipaixueche\DGJP\AndroidManifest.xml:270:9-68
	android:name
		ADDED from paipaixueche\DGJP\AndroidManifest.xml:270:18-65
meta-data#com.amap.api.v2.apikey
ADDED from paipaixueche\DGJP\AndroidManifest.xml:272:9-274:64
	android:value
		ADDED from paipaixueche\DGJP\AndroidManifest.xml:274:13-61
	android:name
		ADDED from paipaixueche\DGJP\AndroidManifest.xml:273:13-50
meta-data#UMENG_APPKEY
ADDED from paipaixueche\DGJP\AndroidManifest.xml:277:9-279:56
	android:value
		ADDED from paipaixueche\DGJP\AndroidManifest.xml:279:13-53
	android:name
		ADDED from paipaixueche\DGJP\AndroidManifest.xml:278:13-40
meta-data#UMENG_CHANNEL
ADDED from paipaixueche\DGJP\AndroidManifest.xml:280:9-282:40
	android:value
		ADDED from paipaixueche\DGJP\AndroidManifest.xml:282:13-37
	android:name
		ADDED from paipaixueche\DGJP\AndroidManifest.xml:281:13-41